<?xml version="1.0" encoding="UTF-8"?>
<testng-results ignored="0" total="2" passed="2" failed="0" skipped="0">
  <reporter-output>
  </reporter-output>
  <suite started-at="2026-02-01T14:09:11 IST" name="Default suite" finished-at="2026-02-01T14:09:52 IST" duration-ms="40158">
    <groups>
    </groups>
    <test started-at="2026-02-01T14:09:11 IST" name="Default test" finished-at="2026-02-01T14:09:52 IST" duration-ms="40158">
      <class name="FreameworkDevlopment.OrangedemoLogin">
        <test-method is-config="true" signature="setup()[pri:0, instance:FreameworkDevlopment.OrangedemoLogin@76505305]" started-at="2026-02-01T14:09:04 IST" name="setup" finished-at="2026-02-01T14:09:11 IST" duration-ms="7536" status="PASS">
          <reporter-output>
          </reporter-output>
        </test-method> <!-- setup -->
        <test-method signature="loginValidation()[pri:1, instance:FreameworkDevlopment.OrangedemoLogin@76505305]" started-at="2026-02-01T14:09:11 IST" name="loginValidation" finished-at="2026-02-01T14:09:40 IST" duration-ms="28875" status="PASS">
          <reporter-output>
          </reporter-output>
        </test-method> <!-- loginValidation -->
        <test-method signature="dashboardValidation()[pri:2, instance:FreameworkDevlopment.OrangedemoLogin@76505305]" started-at="2026-02-01T14:09:40 IST" name="dashboardValidation" finished-at="2026-02-01T14:09:52 IST" duration-ms="11234" status="PASS">
          <reporter-output>
          </reporter-output>
        </test-method> <!-- dashboardValidation -->
        <test-method is-config="true" signature="teardown()[pri:0, instance:FreameworkDevlopment.OrangedemoLogin@76505305]" started-at="2026-02-01T14:09:52 IST" name="teardown" finished-at="2026-02-01T14:09:52 IST" duration-ms="285" status="PASS">
          <reporter-output>
          </reporter-output>
        </test-method> <!-- teardown -->
      </class> <!-- FreameworkDevlopment.OrangedemoLogin -->
    </test> <!-- Default test -->
  </suite> <!-- Default suite -->
</testng-results>
