<?xml version="1.0" encoding="UTF-8"?>
<!-- Generated by org.testng.reporters.JUnitReportReporter -->
<testsuite hostname="Abhisheks-MacBook-Air.local" failures="0" tests="9" name="ChromaCampus.ProjectSeleniumDemo.DataProviderDemo" time="0.041" errors="0" timestamp="2026-01-24T13:47:05 IST" skipped="0">
  <testcase classname="ChromaCampus.ProjectSeleniumDemo.DataProviderDemo" name="div" time="0.002"/>
  <testcase classname="ChromaCampus.ProjectSeleniumDemo.DataProviderDemo" name="Add" time="0.002"/>
  <testcase classname="ChromaCampus.ProjectSeleniumDemo.DataProviderDemo" name="div" time="0.002"/>
  <testcase classname="ChromaCampus.ProjectSeleniumDemo.DataProviderDemo" name="div" time="0.002"/>
  <testcase classname="ChromaCampus.ProjectSeleniumDemo.DataProviderDemo" name="Add" time="0.002"/>
  <testcase classname="ChromaCampus.ProjectSeleniumDemo.DataProviderDemo" name="Sub" time="0.001"/>
  <testcase classname="ChromaCampus.ProjectSeleniumDemo.DataProviderDemo" name="Add" time="0.024"/>
  <testcase classname="ChromaCampus.ProjectSeleniumDemo.DataProviderDemo" name="Sub" time="0.003"/>
  <testcase classname="ChromaCampus.ProjectSeleniumDemo.DataProviderDemo" name="Sub" time="0.003"/>
</testsuite> <!-- ChromaCampus.ProjectSeleniumDemo.DataProviderDemo -->
