<?xml version="1.0" encoding="UTF-8"?>
<!-- Generated by org.testng.reporters.JUnitReportReporter -->
<testsuite hostname="Abhisheks-MacBook-Air.local" failures="0" tests="5" name="ChromaCampus.ProjectSeleniumDemo.Sampledemo6" time="0.026" errors="0" timestamp="2026-01-24T13:31:06 IST" skipped="0">
  <testcase classname="ChromaCampus.ProjectSeleniumDemo.Sampledemo6" name="demo7" time="0.014"/>
  <testcase classname="ChromaCampus.ProjectSeleniumDemo.Sampledemo6" name="demo6" time="0.001"/>
  <testcase classname="ChromaCampus.ProjectSeleniumDemo.Sampledemo6" name="demo8" time="0.003"/>
  <testcase classname="ChromaCampus.ProjectSeleniumDemo.Sampledemo6" name="demo8" time="0.006"/>
  <testcase classname="ChromaCampus.ProjectSeleniumDemo.Sampledemo6" name="demo8" time="0.002"/>
</testsuite> <!-- ChromaCampus.ProjectSeleniumDemo.Sampledemo6 -->
