<?xml version="1.0" encoding="UTF-8"?>
<!-- Generated by org.testng.reporters.JUnitReportReporter -->
<testsuite hostname="Abhisheks-MacBook-Air.local" failures="0" tests="2" name="ChromaCampus.ProjectSeleniumDemo.Parameterization" time="0.064" errors="0" timestamp="2026-01-31T13:24:46 IST" skipped="0">
  <testcase classname="ChromaCampus.ProjectSeleniumDemo.Parameterization" name="parameterizationDemo1" time="0.060"/>
  <testcase classname="ChromaCampus.ProjectSeleniumDemo.Parameterization" name="parameterizationDemo1" time="0.004"/>
</testsuite> <!-- ChromaCampus.ProjectSeleniumDemo.Parameterization -->
