<?xml version="1.0" encoding="UTF-8"?>
<!-- Generated by org.testng.reporters.JUnitReportReporter -->
<testsuite hostname="Abhisheks-MacBook-Air.local" failures="0" tests="2" name="ChromaCampus.ProjectSeleniumDemo.Sampledemo4" time="0.017" errors="0" timestamp="2026-01-24T13:02:17 IST" skipped="0">
  <testcase classname="ChromaCampus.ProjectSeleniumDemo.Sampledemo4" name="B" time="0.015"/>
  <testcase classname="ChromaCampus.ProjectSeleniumDemo.Sampledemo4" name="C" time="0.002"/>
</testsuite> <!-- ChromaCampus.ProjectSeleniumDemo.Sampledemo4 -->
