<?xml version="1.0" encoding="UTF-8"?>
<!-- Generated by org.testng.reporters.JUnitReportReporter -->
<testsuite hostname="Abhisheks-MacBook-Air.local" failures="0" tests="3" name="ChromaCampus.ProjectSeleniumDemo.ParallelExecution1" time="0.095" errors="0" timestamp="2026-01-31T14:05:34 IST" skipped="0">
  <testcase classname="ChromaCampus.ProjectSeleniumDemo.ParallelExecution1" name="testCase3" time="0.034"/>
  <testcase classname="ChromaCampus.ProjectSeleniumDemo.ParallelExecution1" name="testCase1" time="0.029"/>
  <testcase classname="ChromaCampus.ProjectSeleniumDemo.ParallelExecution1" name="testCase2" time="0.032"/>
</testsuite> <!-- ChromaCampus.ProjectSeleniumDemo.ParallelExecution1 -->
