<?xml version="1.0" encoding="UTF-8"?>
<!-- Generated by org.testng.reporters.JUnitReportReporter -->
<testsuite hostname="Abhisheks-MacBook-Air.local" failures="0" tests="2" name="ChromaCampus.ProjectSeleniumDemo.SampleDemo1" time="0.009" errors="0" timestamp="2026-01-18T14:59:45 IST" skipped="0">
  <testcase classname="ChromaCampus.ProjectSeleniumDemo.SampleDemo1" name="demo2" time="0.004"/>
  <testcase classname="ChromaCampus.ProjectSeleniumDemo.SampleDemo1" name="demo1" time="0.005"/>
</testsuite> <!-- ChromaCampus.ProjectSeleniumDemo.SampleDemo1 -->
