<?xml version="1.0" encoding="UTF-8"?>
<!-- Generated by org.testng.reporters.JUnitReportReporter -->
<testsuite hostname="Abhisheks-MacBook-Air.local" failures="0" tests="3" name="ChromaCampus.ProjectSeleniumDemo.ParallelExecution2" time="0.019" errors="0" timestamp="2026-01-31T14:05:34 IST" skipped="0">
  <testcase classname="ChromaCampus.ProjectSeleniumDemo.ParallelExecution2" name="testCase6" time="0.008"/>
  <testcase classname="ChromaCampus.ProjectSeleniumDemo.ParallelExecution2" name="testCase4" time="0.005"/>
  <testcase classname="ChromaCampus.ProjectSeleniumDemo.ParallelExecution2" name="testCase5" time="0.006"/>
</testsuite> <!-- ChromaCampus.ProjectSeleniumDemo.ParallelExecution2 -->
