<?xml version="1.0" encoding="UTF-8"?>
<!-- Generated by org.testng.reporters.JUnitReportReporter -->
<testsuite hostname="Abhisheks-MacBook-Air.local" failures="0" tests="2" name="SeleniumRunwithTestNg.ParallelSeleniumTest" time="85.492" errors="0" timestamp="2026-01-31T14:33:03 IST" skipped="0">
  <testcase classname="SeleniumRunwithTestNg.ParallelSeleniumTest" name="testMethod1" time="42.342"/>
  <testcase classname="SeleniumRunwithTestNg.ParallelSeleniumTest" name="testMethod2" time="43.150"/>
</testsuite> <!-- SeleniumRunwithTestNg.ParallelSeleniumTest -->
