<?xml version="1.0" encoding="UTF-8"?>
<!-- Generated by org.testng.reporters.JUnitReportReporter -->
<testsuite hostname="Abhisheks-MacBook-Air.local" failures="0" tests="3" name="ChromaCampus.ProjectSeleniumDemo.ParallelExecution3" time="0.075" errors="0" timestamp="2026-01-31T14:05:34 IST" skipped="0">
  <testcase classname="ChromaCampus.ProjectSeleniumDemo.ParallelExecution3" name="testCase7" time="0.025"/>
  <testcase classname="ChromaCampus.ProjectSeleniumDemo.ParallelExecution3" name="testCase8" time="0.025"/>
  <testcase classname="ChromaCampus.ProjectSeleniumDemo.ParallelExecution3" name="testCase9" time="0.025"/>
</testsuite> <!-- ChromaCampus.ProjectSeleniumDemo.ParallelExecution3 -->
