<?xml version="1.0" encoding="UTF-8"?>
<!-- Generated by org.testng.reporters.JUnitReportReporter -->
<testsuite hostname="Abhisheks-MacBook-Air.local" failures="0" tests="2" name="FreameworkDevlopment.OrangedemoLogin" time="40.109" errors="0" timestamp="2026-02-01T14:09:52 IST" skipped="0">
  <testcase classname="FreameworkDevlopment.OrangedemoLogin" name="loginValidation" time="28.875"/>
  <testcase classname="FreameworkDevlopment.OrangedemoLogin" name="dashboardValidation" time="11.234"/>
</testsuite> <!-- FreameworkDevlopment.OrangedemoLogin -->
