<?xml version="1.0" encoding="UTF-8"?>
<!-- Generated by org.testng.reporters.JUnitReportReporter -->
<testsuite hostname="Abhisheks-MacBook-Air.local" failures="0" tests="3" name="ChromaCampus.ProjectSeleniumDemo.SampleDemo" time="0.020" errors="0" timestamp="2026-01-18T14:49:12 IST" skipped="0">
  <testcase classname="ChromaCampus.ProjectSeleniumDemo.SampleDemo" name="demo3" time="0.004"/>
  <testcase classname="ChromaCampus.ProjectSeleniumDemo.SampleDemo" name="demo1" time="0.011"/>
  <testcase classname="ChromaCampus.ProjectSeleniumDemo.SampleDemo" name="demo2" time="0.005"/>
</testsuite> <!-- ChromaCampus.ProjectSeleniumDemo.SampleDemo -->
