<?xml version="1.0" encoding="UTF-8"?>
<testng-results ignored="0" total="1" passed="1" failed="0" skipped="0">
  <reporter-output>
  </reporter-output>
  <suite started-at="2026-03-07T13:12:56 IST" name="Default suite" finished-at="2026-03-07T13:13:13 IST" duration-ms="17602">
    <groups>
    </groups>
    <test started-at="2026-03-07T13:12:56 IST" name="Default test" finished-at="2026-03-07T13:13:13 IST" duration-ms="17602">
      <class name="com.testcasefiles.LoginTestfile">
        <test-method is-config="true" signature="setup()[pri:0, instance:com.testcasefiles.LoginTestfile@4d5d943d]" started-at="2026-03-07T13:12:56 IST" name="setup" finished-at="2026-03-07T13:13:09 IST" duration-ms="12975" status="PASS">
          <reporter-output>
          </reporter-output>
        </test-method> <!-- setup -->
        <test-method signature="login()[pri:0, instance:com.testcasefiles.LoginTestfile@4d5d943d]" started-at="2026-03-07T13:13:09 IST" name="login" finished-at="2026-03-07T13:13:13 IST" duration-ms="4593" status="PASS">
          <reporter-output>
          </reporter-output>
        </test-method> <!-- login -->
      </class> <!-- com.testcasefiles.LoginTestfile -->
    </test> <!-- Default test -->
  </suite> <!-- Default suite -->
</testng-results>
