<?xml version="1.0" encoding="UTF-8"?>
<!-- Generated by org.testng.reporters.JUnitXMLReporter -->
<testsuite ignored="0" hostname="Abhisheks-MacBook-Air.local" failures="0" tests="2" name="RegressionTest" time="43.208" errors="0" timestamp="2026-01-31T14:33:03 IST">
  <testcase classname="SeleniumRunwithTestNg.ParallelSeleniumTest" name="testMethod1" time="3.352"/>
  <testcase classname="SeleniumRunwithTestNg.ParallelSeleniumTest" name="testMethod2" time="4.153"/>
</testsuite> <!-- RegressionTest -->
