<?xml version="1.0" encoding="UTF-8"?>
<!-- Generated by org.testng.reporters.JUnitXMLReporter -->
<testsuite ignored="0" hostname="Abhisheks-MacBook-Air.local" failures="0" tests="6" name="SmokeTest" time="0.107" errors="0" timestamp="2026-01-31T14:05:34 IST">
  <testcase classname="ChromaCampus.ProjectSeleniumDemo.ParallelExecution1" name="testCase1" time="0.029"/>
  <testcase classname="ChromaCampus.ProjectSeleniumDemo.ParallelExecution3" name="testCase7" time="0.025"/>
  <testcase classname="ChromaCampus.ProjectSeleniumDemo.ParallelExecution3" name="testCase8" time="0.025"/>
  <testcase classname="ChromaCampus.ProjectSeleniumDemo.ParallelExecution3" name="testCase9" time="0.025"/>
  <testcase classname="ChromaCampus.ProjectSeleniumDemo.ParallelExecution1" name="testCase3" time="0.034"/>
  <testcase classname="ChromaCampus.ProjectSeleniumDemo.ParallelExecution1" name="testCase2" time="0.032"/>
</testsuite> <!-- SmokeTest -->
