<?xml version="1.0" encoding="UTF-8"?>
<!-- Generated by org.testng.reporters.JUnitXMLReporter -->
<testsuite ignored="0" hostname="Abhisheks-MacBook-Air.local" failures="0" tests="3" name="Test" time="0.096" errors="0" timestamp="2026-01-31T13:53:31 IST">
  <testcase classname="ChromaCampus.ProjectSeleniumDemo.ParallelExecution" name="testCase1" time="0.018"/>
  <testcase classname="ChromaCampus.ProjectSeleniumDemo.ParallelExecution" name="testCase2" time="0.002"/>
  <testcase classname="ChromaCampus.ProjectSeleniumDemo.ParallelExecution" name="testCase3" time="0.003"/>
</testsuite> <!-- Test -->
