<?xml version="1.0" encoding="UTF-8"?>
<!-- Generated by org.testng.reporters.JUnitXMLReporter -->
<testsuite ignored="0" hostname="Abhisheks-MacBook-Air.local" failures="0" tests="2" name="Default test" time="40.158" errors="0" timestamp="2026-02-01T14:09:52 IST">
  <testcase classname="FreameworkDevlopment.OrangedemoLogin" name="loginValidation" time="28.875"/>
  <testcase classname="FreameworkDevlopment.OrangedemoLogin" name="dashboardValidation" time="11.234"/>
</testsuite> <!-- Default test -->
