<?xml version="1.0" encoding="UTF-8"?>
<!-- Generated by org.testng.reporters.JUnitXMLReporter -->
<testsuite ignored="0" hostname="Abhisheks-MacBook-Air.local" failures="0" tests="3" name="Regression" time="0.072" errors="0" timestamp="2026-01-18T14:59:45 IST">
  <testcase classname="ChromaCampus.ProjectSeleniumDemo.Sampledemo2" name="demo3" time="0.015"/>
  <testcase classname="ChromaCampus.ProjectSeleniumDemo.SampleDemo1" name="demo1" time="0.002"/>
  <testcase classname="ChromaCampus.ProjectSeleniumDemo.SampleDemo1" name="demo2" time="0.002"/>
</testsuite> <!-- Regression -->
